<?xml version="1.0" encoding="UTF-8"?>
<Site BuildName="Win32-MSBuild"
	BuildStamp="20190909-0259-Continuous"
	Name="DESKTOP-TRR4N1U"
	Generator="ctest-3.14.4"
	CompilerName="C:/Program Files (x86)/Microsoft Visual Studio 12.0/VC/bin/x86_amd64/cl.exe"
	CompilerVersion="18.0.40629.0"
	OSName="Windows"
	Hostname="DESKTOP-TRR4N1U"
	OSRelease=" Professional"
	OSVersion=" (Build 18362)"
	OSPlatform="AMD64"
	Is64Bits="1"
	VendorString="GenuineIntel"
	VendorID="Intel Corporation"
	FamilyID="6"
	ModelID="14"
	ProcessorCacheSize="-1"
	NumberOfLogicalCPU="4"
	NumberOfPhysicalCPU="4"
	TotalVirtualMemory="18339"
	TotalPhysicalMemory="8099"
	LogicalProcessorsPerPhysical="1"
	ProcessorClockFrequency="3408"
	>
	<Build>
		<StartDateTime>Sep 09 10:59 ?D1[NON-UTF-8-BYTE-0xA8][NON-UTF-8-BYTE-0xB2][NON-UTF-8-BYTE-0xA1][NON-UTF-8-BYTE-0xC0][NON-UTF-8-BYTE-0xA8][NON-UTF-8-BYTE-0xBA][NON-UTF-8-BYTE-0xA1][NON-UTF-8-BYTE-0xC1]?[NON-UTF-8-BYTE-0xA8][NON-UTF-8-BYTE-0xBA][NON-UTF-8-BYTE-0xA1][NON-UTF-8-BYTE-0xC0]??</StartDateTime>
		<StartBuildTime>1567997948</StartBuildTime>
		<BuildCommand>"C:\Program Files\CMake\bin\cmake.exe" --build . --config "Debug"</BuildCommand>
		<Warning>
			<BuildLogLine>31</BuildLogLine>
			<Text>E:\git\KernelResearch\FreeRDP-master\client\common\cmdline.c(240): warning C4267: “函数”: 从“size_t”转换到“int”，可能丢失数据 [E:\git\KernelResearch\FreeRDP-master\client\common\freerdp-client.vcxproj]</Text>
			<SourceFile>client/common/cmdline.c</SourceFile>
			<SourceLineNumber>240</SourceLineNumber>
			<PreContext>  rdpdr-client.vcxproj -&gt; E:\git\KernelResearch\FreeRDP-master\Debug\rdpdr-client.lib
  rdpei-client.vcxproj -&gt; E:\git\KernelResearch\FreeRDP-master\Debug\rdpei-client.lib
  rdpgfx-client.vcxproj -&gt; E:\git\KernelResearch\FreeRDP-master\Debug\rdpgfx-client.lib
  rdpsnd-client.vcxproj -&gt; E:\git\KernelResearch\FreeRDP-master\Debug\rdpsnd-client.lib
  rdpsnd-client-fake.vcxproj -&gt; E:\git\KernelResearch\FreeRDP-master\Debug\rdpsnd-client-fake.lib
  rdpsnd-client-winmm.vcxproj -&gt; E:\git\KernelResearch\FreeRDP-master\Debug\rdpsnd-client-winmm.lib
  remdesk-client.vcxproj -&gt; E:\git\KernelResearch\FreeRDP-master\Debug\remdesk-client.lib
  smartcard-client.vcxproj -&gt; E:\git\KernelResearch\FreeRDP-master\Debug\smartcard-client.lib
  video-client.vcxproj -&gt; E:\git\KernelResearch\FreeRDP-master\Debug\video-client.lib
  cmdline.c
</PreContext>
			<PostContext></PostContext>
			<RepeatCount>0</RepeatCount>
		</Warning>
		<Warning>
			<BuildLogLine>32</BuildLogLine>
			<Text>E:\git\KernelResearch\FreeRDP-master\client\common\cmdline.c(243): warning C4267: “函数”: 从“size_t”转换到“int”，可能丢失数据 [E:\git\KernelResearch\FreeRDP-master\client\common\freerdp-client.vcxproj]</Text>
			<SourceFile>client/common/cmdline.c</SourceFile>
			<SourceLineNumber>243</SourceLineNumber>
			<PreContext></PreContext>
			<PostContext></PostContext>
			<RepeatCount>0</RepeatCount>
		</Warning>
		<Warning>
			<BuildLogLine>33</BuildLogLine>
			<Text>E:\git\KernelResearch\FreeRDP-master\client\common\cmdline.c(253): warning C4267: “函数”: 从“size_t”转换到“int”，可能丢失数据 [E:\git\KernelResearch\FreeRDP-master\client\common\freerdp-client.vcxproj]</Text>
			<SourceFile>client/common/cmdline.c</SourceFile>
			<SourceLineNumber>253</SourceLineNumber>
			<PreContext></PreContext>
			<PostContext></PostContext>
			<RepeatCount>0</RepeatCount>
		</Warning>
		<Warning>
			<BuildLogLine>34</BuildLogLine>
			<Text>E:\git\KernelResearch\FreeRDP-master\client\common\cmdline.c(258): warning C4267: “函数”: 从“size_t”转换到“int”，可能丢失数据 [E:\git\KernelResearch\FreeRDP-master\client\common\freerdp-client.vcxproj]</Text>
			<SourceFile>client/common/cmdline.c</SourceFile>
			<SourceLineNumber>258</SourceLineNumber>
			<PreContext></PreContext>
			<PostContext></PostContext>
			<RepeatCount>0</RepeatCount>
		</Warning>
		<Warning>
			<BuildLogLine>35</BuildLogLine>
			<Text>E:\git\KernelResearch\FreeRDP-master\client\common\cmdline.c(849): warning C4267: “函数”: 从“size_t”转换到“int”，可能丢失数据 [E:\git\KernelResearch\FreeRDP-master\client\common\freerdp-client.vcxproj]</Text>
			<SourceFile>client/common/cmdline.c</SourceFile>
			<SourceLineNumber>849</SourceLineNumber>
			<PreContext></PreContext>
			<PostContext></PostContext>
			<RepeatCount>0</RepeatCount>
		</Warning>
		<Warning>
			<BuildLogLine>36</BuildLogLine>
			<Text>E:\git\KernelResearch\FreeRDP-master\client\common\cmdline.c(861): warning C4267: “函数”: 从“size_t”转换到“int”，可能丢失数据 [E:\git\KernelResearch\FreeRDP-master\client\common\freerdp-client.vcxproj]</Text>
			<SourceFile>client/common/cmdline.c</SourceFile>
			<SourceLineNumber>861</SourceLineNumber>
			<PreContext></PreContext>
			<PostContext></PostContext>
			<RepeatCount>0</RepeatCount>
		</Warning>
		<Warning>
			<BuildLogLine>37</BuildLogLine>
			<Text>E:\git\KernelResearch\FreeRDP-master\client\common\cmdline.c(869): warning C4267: “函数”: 从“size_t”转换到“int”，可能丢失数据 [E:\git\KernelResearch\FreeRDP-master\client\common\freerdp-client.vcxproj]</Text>
			<SourceFile>client/common/cmdline.c</SourceFile>
			<SourceLineNumber>869</SourceLineNumber>
			<PreContext></PreContext>
			<PostContext></PostContext>
			<RepeatCount>0</RepeatCount>
		</Warning>
		<Warning>
			<BuildLogLine>38</BuildLogLine>
			<Text>E:\git\KernelResearch\FreeRDP-master\client\common\cmdline.c(878): warning C4267: “函数”: 从“size_t”转换到“int”，可能丢失数据 [E:\git\KernelResearch\FreeRDP-master\client\common\freerdp-client.vcxproj]</Text>
			<SourceFile>client/common/cmdline.c</SourceFile>
			<SourceLineNumber>878</SourceLineNumber>
			<PreContext></PreContext>
			<PostContext></PostContext>
			<RepeatCount>0</RepeatCount>
		</Warning>
		<Warning>
			<BuildLogLine>39</BuildLogLine>
			<Text>E:\git\KernelResearch\FreeRDP-master\client\common\cmdline.c(887): warning C4267: “函数”: 从“size_t”转换到“int”，可能丢失数据 [E:\git\KernelResearch\FreeRDP-master\client\common\freerdp-client.vcxproj]</Text>
			<SourceFile>client/common/cmdline.c</SourceFile>
			<SourceLineNumber>887</SourceLineNumber>
			<PreContext></PreContext>
			<PostContext></PostContext>
			<RepeatCount>0</RepeatCount>
		</Warning>
		<Warning>
			<BuildLogLine>40</BuildLogLine>
			<Text>E:\git\KernelResearch\FreeRDP-master\client\common\cmdline.c(896): warning C4267: “函数”: 从“size_t”转换到“int”，可能丢失数据 [E:\git\KernelResearch\FreeRDP-master\client\common\freerdp-client.vcxproj]</Text>
			<SourceFile>client/common/cmdline.c</SourceFile>
			<SourceLineNumber>896</SourceLineNumber>
			<PreContext></PreContext>
			<PostContext></PostContext>
			<RepeatCount>0</RepeatCount>
		</Warning>
		<Warning>
			<BuildLogLine>41</BuildLogLine>
			<Text>E:\git\KernelResearch\FreeRDP-master\client\common\cmdline.c(905): warning C4267: “函数”: 从“size_t”转换到“int”，可能丢失数据 [E:\git\KernelResearch\FreeRDP-master\client\common\freerdp-client.vcxproj]</Text>
			<SourceFile>client/common/cmdline.c</SourceFile>
			<SourceLineNumber>905</SourceLineNumber>
			<PreContext></PreContext>
			<PostContext></PostContext>
			<RepeatCount>0</RepeatCount>
		</Warning>
		<Warning>
			<BuildLogLine>42</BuildLogLine>
			<Text>E:\git\KernelResearch\FreeRDP-master\client\common\cmdline.c(914): warning C4267: “函数”: 从“size_t”转换到“int”，可能丢失数据 [E:\git\KernelResearch\FreeRDP-master\client\common\freerdp-client.vcxproj]</Text>
			<SourceFile>client/common/cmdline.c</SourceFile>
			<SourceLineNumber>914</SourceLineNumber>
			<PreContext></PreContext>
			<PostContext></PostContext>
			<RepeatCount>0</RepeatCount>
		</Warning>
		<Warning>
			<BuildLogLine>43</BuildLogLine>
			<Text>E:\git\KernelResearch\FreeRDP-master\client\common\cmdline.c(923): warning C4267: “函数”: 从“size_t”转换到“int”，可能丢失数据 [E:\git\KernelResearch\FreeRDP-master\client\common\freerdp-client.vcxproj]</Text>
			<SourceFile>client/common/cmdline.c</SourceFile>
			<SourceLineNumber>923</SourceLineNumber>
			<PreContext></PreContext>
			<PostContext></PostContext>
			<RepeatCount>0</RepeatCount>
		</Warning>
		<Warning>
			<BuildLogLine>44</BuildLogLine>
			<Text>E:\git\KernelResearch\FreeRDP-master\client\common\cmdline.c(961): warning C4267: “函数”: 从“size_t”转换到“int”，可能丢失数据 [E:\git\KernelResearch\FreeRDP-master\client\common\freerdp-client.vcxproj]</Text>
			<SourceFile>client/common/cmdline.c</SourceFile>
			<SourceLineNumber>961</SourceLineNumber>
			<PreContext></PreContext>
			<PostContext></PostContext>
			<RepeatCount>0</RepeatCount>
		</Warning>
		<Warning>
			<BuildLogLine>45</BuildLogLine>
			<Text>E:\git\KernelResearch\FreeRDP-master\client\common\cmdline.c(970): warning C4267: “函数”: 从“size_t”转换到“int”，可能丢失数据 [E:\git\KernelResearch\FreeRDP-master\client\common\freerdp-client.vcxproj]</Text>
			<SourceFile>client/common/cmdline.c</SourceFile>
			<SourceLineNumber>970</SourceLineNumber>
			<PreContext></PreContext>
			<PostContext></PostContext>
			<RepeatCount>0</RepeatCount>
		</Warning>
		<Warning>
			<BuildLogLine>46</BuildLogLine>
			<Text>E:\git\KernelResearch\FreeRDP-master\client\common\cmdline.c(979): warning C4267: “函数”: 从“size_t”转换到“int”，可能丢失数据 [E:\git\KernelResearch\FreeRDP-master\client\common\freerdp-client.vcxproj]</Text>
			<SourceFile>client/common/cmdline.c</SourceFile>
			<SourceLineNumber>979</SourceLineNumber>
			<PreContext></PreContext>
			<PostContext>     正在创建库 /.../FreeRDP-master/Debug/freerdp-client2.lib 和对象 /.../FreeRDP-master/Debug/freerdp-client2.exp
  freerdp-client.vcxproj -&gt; E:\git\KernelResearch\FreeRDP-master\Debug\freerdp-client2.dll
  TestClient.vcxproj -&gt; E:\git\KernelResearch\FreeRDP-master\Debug\TestClient.exe
  TestClipboard.vcxproj -&gt; E:\git\KernelResearch\FreeRDP-master\Debug\TestClipboard.exe
  TestCom.vcxproj -&gt; E:\git\KernelResearch\FreeRDP-master\Debug\TestCom.exe
  TestCommon.vcxproj -&gt; E:\git\KernelResearch\FreeRDP-master\Debug\TestCommon.exe
  TestVersion.c
  TestCore.vcxproj -&gt; E:\git\KernelResearch\FreeRDP-master\Debug\TestCore.exe
  TestCredUI.vcxproj -&gt; E:\git\KernelResearch\FreeRDP-master\Debug\TestCredUI.exe
  TestCrt.vcxproj -&gt; E:\git\KernelResearch\FreeRDP-master\Debug\TestCrt.exe</PostContext>
			<RepeatCount>0</RepeatCount>
		</Warning>
		<Log Encoding="base64" Compression="bin/gzip"/>
		<EndDateTime>Sep 09 10:59 ?D1[NON-UTF-8-BYTE-0xA8][NON-UTF-8-BYTE-0xB2][NON-UTF-8-BYTE-0xA1][NON-UTF-8-BYTE-0xC0][NON-UTF-8-BYTE-0xA8][NON-UTF-8-BYTE-0xBA][NON-UTF-8-BYTE-0xA1][NON-UTF-8-BYTE-0xC1]?[NON-UTF-8-BYTE-0xA8][NON-UTF-8-BYTE-0xBA][NON-UTF-8-BYTE-0xA1][NON-UTF-8-BYTE-0xC0]??</EndDateTime>
		<EndBuildTime>1567997967</EndBuildTime>
		<ElapsedMinutes>0</ElapsedMinutes>
	</Build>
</Site>
