<?xml version="1.0" encoding="UTF-8"?>
<Site BuildName="Win32-MSBuild"
	BuildStamp="20190909-0255-Continuous"
	Name="DESKTOP-TRR4N1U"
	Generator="ctest-3.14.4"
	CompilerName="C:/Program Files (x86)/Microsoft Visual Studio 12.0/VC/bin/x86_amd64/cl.exe"
	CompilerVersion="18.0.40629.0"
	OSName="Windows"
	Hostname="DESKTOP-TRR4N1U"
	OSRelease=" Professional"
	OSVersion=" (Build 18362)"
	OSPlatform="AMD64"
	Is64Bits="1"
	VendorString="GenuineIntel"
	VendorID="Intel Corporation"
	FamilyID="6"
	ModelID="14"
	ProcessorCacheSize="-1"
	NumberOfLogicalCPU="4"
	NumberOfPhysicalCPU="4"
	TotalVirtualMemory="18339"
	TotalPhysicalMemory="8099"
	LogicalProcessorsPerPhysical="1"
	ProcessorClockFrequency="3408"
	>
	<Build>
		<StartDateTime>Sep 09 10:56 ?D1[NON-UTF-8-BYTE-0xA8][NON-UTF-8-BYTE-0xB2][NON-UTF-8-BYTE-0xA1][NON-UTF-8-BYTE-0xC0][NON-UTF-8-BYTE-0xA8][NON-UTF-8-BYTE-0xBA][NON-UTF-8-BYTE-0xA1][NON-UTF-8-BYTE-0xC1]?[NON-UTF-8-BYTE-0xA8][NON-UTF-8-BYTE-0xBA][NON-UTF-8-BYTE-0xA1][NON-UTF-8-BYTE-0xC0]??</StartDateTime>
		<StartBuildTime>1567997775</StartBuildTime>
		<BuildCommand>"C:\Program Files\CMake\bin\cmake.exe" --build . --config "Debug"</BuildCommand>
		<Warning>
			<BuildLogLine>27</BuildLogLine>
			<Text>E:\git\KernelResearch\FreeRDP-master\channels\rdpsnd\client\rdpsnd_main.c(748): warning C4244: “=”: 从“unsigned long”转换到“UINT16”，可能丢失数据 [E:\git\KernelResearch\FreeRDP-master\channels\rdpsnd\client\rdpsnd-client.vcxproj]</Text>
			<SourceFile>channels/rdpsnd/client/rdpsnd_main.c</SourceFile>
			<SourceLineNumber>748</SourceLineNumber>
			<PreContext>  encomsp-client.vcxproj -&gt; E:\git\KernelResearch\FreeRDP-master\Debug\encomsp-client.lib
  geometry-client.vcxproj -&gt; E:\git\KernelResearch\FreeRDP-master\Debug\geometry-client.lib
  printer-client.vcxproj -&gt; E:\git\KernelResearch\FreeRDP-master\Debug\printer-client.lib
  printer-client-win.vcxproj -&gt; E:\git\KernelResearch\FreeRDP-master\Debug\printer-client-win.lib
  rail-client.vcxproj -&gt; E:\git\KernelResearch\FreeRDP-master\Debug\rail-client.lib
  rdp2tcp-client.vcxproj -&gt; E:\git\KernelResearch\FreeRDP-master\Debug\rdp2tcp-client.lib
  rdpdr-client.vcxproj -&gt; E:\git\KernelResearch\FreeRDP-master\Debug\rdpdr-client.lib
  rdpei-client.vcxproj -&gt; E:\git\KernelResearch\FreeRDP-master\Debug\rdpei-client.lib
  rdpgfx-client.vcxproj -&gt; E:\git\KernelResearch\FreeRDP-master\Debug\rdpgfx-client.lib
  rdpsnd_main.c
</PreContext>
			<PostContext></PostContext>
			<RepeatCount>0</RepeatCount>
		</Warning>
		<Warning>
			<BuildLogLine>28</BuildLogLine>
			<Text>E:\git\KernelResearch\FreeRDP-master\channels\rdpsnd\client\rdpsnd_main.c(766): warning C4244: “=”: 从“unsigned long”转换到“UINT16”，可能丢失数据 [E:\git\KernelResearch\FreeRDP-master\channels\rdpsnd\client\rdpsnd-client.vcxproj]</Text>
			<SourceFile>channels/rdpsnd/client/rdpsnd_main.c</SourceFile>
			<SourceLineNumber>766</SourceLineNumber>
			<PreContext></PreContext>
			<PostContext></PostContext>
			<RepeatCount>0</RepeatCount>
		</Warning>
		<Error>
			<BuildLogLine>29</BuildLogLine>
			<Text>E:\git\KernelResearch\FreeRDP-master\channels\rdpsnd\client\rdpsnd_main.c(917): error C2198: “通过指针的函数”: 用于调用的参数太少 [E:\git\KernelResearch\FreeRDP-master\channels\rdpsnd\client\rdpsnd-client.vcxproj]</Text>
			<SourceFile>channels/rdpsnd/client/rdpsnd_main.c</SourceFile>
			<SourceLineNumber>917</SourceLineNumber>
			<PreContext></PreContext>
			<PostContext>  rdpsnd-client-fake.vcxproj -&gt; E:\git\KernelResearch\FreeRDP-master\Debug\rdpsnd-client-fake.lib
  rdpsnd-client-winmm.vcxproj -&gt; E:\git\KernelResearch\FreeRDP-master\Debug\rdpsnd-client-winmm.lib
  remdesk-client.vcxproj -&gt; E:\git\KernelResearch\FreeRDP-master\Debug\remdesk-client.lib
  smartcard-client.vcxproj -&gt; E:\git\KernelResearch\FreeRDP-master\Debug\smartcard-client.lib
  video-client.vcxproj -&gt; E:\git\KernelResearch\FreeRDP-master\Debug\video-client.lib
  TestClipboard.vcxproj -&gt; E:\git\KernelResearch\FreeRDP-master\Debug\TestClipboard.exe
  TestCom.vcxproj -&gt; E:\git\KernelResearch\FreeRDP-master\Debug\TestCom.exe
  TestCommon.vcxproj -&gt; E:\git\KernelResearch\FreeRDP-master\Debug\TestCommon.exe
  TestCredUI.vcxproj -&gt; E:\git\KernelResearch\FreeRDP-master\Debug\TestCredUI.exe
  TestCrt.vcxproj -&gt; E:\git\KernelResearch\FreeRDP-master\Debug\TestCrt.exe</PostContext>
			<RepeatCount>0</RepeatCount>
		</Error>
		<Warning>
			<BuildLogLine>1</BuildLogLine>
			<Text>*** WARNING non-zero return value in ctest from: C:\Program Files\CMake\bin\cmake.exe</Text>
			<PreContext></PreContext>
			<PostContext></PostContext>
			<RepeatCount>0</RepeatCount>
		</Warning>
		<Log Encoding="base64" Compression="bin/gzip"/>
		<EndDateTime>Sep 09 10:56 ?D1[NON-UTF-8-BYTE-0xA8][NON-UTF-8-BYTE-0xB2][NON-UTF-8-BYTE-0xA1][NON-UTF-8-BYTE-0xC0][NON-UTF-8-BYTE-0xA8][NON-UTF-8-BYTE-0xBA][NON-UTF-8-BYTE-0xA1][NON-UTF-8-BYTE-0xC1]?[NON-UTF-8-BYTE-0xA8][NON-UTF-8-BYTE-0xBA][NON-UTF-8-BYTE-0xA1][NON-UTF-8-BYTE-0xC0]??</EndDateTime>
		<EndBuildTime>1567997794</EndBuildTime>
		<ElapsedMinutes>0</ElapsedMinutes>
	</Build>
</Site>
