<?xml version="1.0" encoding="UTF-8"?>
<Site BuildName="Win32-MSBuild"
	BuildStamp="20190909-0752-Continuous"
	Name="DESKTOP-TRR4N1U"
	Generator="ctest-3.14.4"
	CompilerName="C:/Program Files (x86)/Microsoft Visual Studio 12.0/VC/bin/x86_amd64/cl.exe"
	CompilerVersion="18.0.40629.0"
	OSName="Windows"
	Hostname="DESKTOP-TRR4N1U"
	OSRelease=" Professional"
	OSVersion=" (Build 18362)"
	OSPlatform="AMD64"
	Is64Bits="1"
	VendorString="GenuineIntel"
	VendorID="Intel Corporation"
	FamilyID="6"
	ModelID="14"
	ProcessorCacheSize="-1"
	NumberOfLogicalCPU="4"
	NumberOfPhysicalCPU="4"
	TotalVirtualMemory="18339"
	TotalPhysicalMemory="8099"
	LogicalProcessorsPerPhysical="1"
	ProcessorClockFrequency="3408"
	>
	<Build>
		<StartDateTime>Sep 09 15:52 ?D1[NON-UTF-8-BYTE-0xA8][NON-UTF-8-BYTE-0xB2][NON-UTF-8-BYTE-0xA1][NON-UTF-8-BYTE-0xC0][NON-UTF-8-BYTE-0xA8][NON-UTF-8-BYTE-0xBA][NON-UTF-8-BYTE-0xA1][NON-UTF-8-BYTE-0xC1]?[NON-UTF-8-BYTE-0xA8][NON-UTF-8-BYTE-0xBA][NON-UTF-8-BYTE-0xA1][NON-UTF-8-BYTE-0xC0]??</StartDateTime>
		<StartBuildTime>1568015532</StartBuildTime>
		<BuildCommand>"C:\Program Files\CMake\bin\cmake.exe" --build . --config "Debug"</BuildCommand>
		<Log Encoding="base64" Compression="bin/gzip"/>
		<EndDateTime>Sep 09 15:52 ?D1[NON-UTF-8-BYTE-0xA8][NON-UTF-8-BYTE-0xB2][NON-UTF-8-BYTE-0xA1][NON-UTF-8-BYTE-0xC0][NON-UTF-8-BYTE-0xA8][NON-UTF-8-BYTE-0xBA][NON-UTF-8-BYTE-0xA1][NON-UTF-8-BYTE-0xC1]?[NON-UTF-8-BYTE-0xA8][NON-UTF-8-BYTE-0xBA][NON-UTF-8-BYTE-0xA1][NON-UTF-8-BYTE-0xC0]??</EndDateTime>
		<EndBuildTime>1568015563</EndBuildTime>
		<ElapsedMinutes>0</ElapsedMinutes>
	</Build>
</Site>
